<?xml version="1.0" encoding="UTF-8"?>
<!-- Generated by org.testng.reporters.JUnitXMLReporter -->
<testsuite hostname="X-CDN-QUANH" name="apiTest" tests="4" failures="0" timestamp="17 Dec 2017 07:51:30 GMT" time="2.81" errors="0">
  <testcase name="multiJsonArrayTest" time="2.654" classname="parse.responseBody"/>
  <testcase name="responseCookieTest" time="0.086" classname="parse.responseCookie"/>
  <testcase name="responseCodeTest" time="0.024" classname="parse.responseCode"/>
  <testcase name="responseHeaderTest" time="0.029" classname="parse.responseHeader"/>
</testsuite> <!-- apiTest -->
