<?xml version="1.0" encoding="UTF-8"?>
<!-- Generated by org.testng.reporters.JUnitXMLReporter -->
<testsuite hostname="X-CDN-QUANH" name="HttpApiTest" tests="3" failures="0" timestamp="16 Dec 2017 05:16:02 GMT" time="2.88" errors="0">
  <testcase name="multiJsonArrayTest" time="2.791" classname="parse.responseBody"/>
  <testcase name="multiJsonTest" time="0.037" classname="parse.responseBody"/>
  <testcase name="singleJsonTest" time="0.034" classname="parse.responseBody"/>
</testsuite> <!-- HttpApiTest -->
